[debug] [2023-07-16T05:57:57.001Z] ----------------------------------------------------------------------
[debug] [2023-07-16T05:57:57.004Z] Command:       D:\Development\nodejs\node.exe D:\Development\nodejs\node_modules\firebase-tools\lib\bin\firebase.js init
[debug] [2023-07-16T05:57:57.005Z] CLI Version:   12.4.4
[debug] [2023-07-16T05:57:57.005Z] Platform:      win32
[debug] [2023-07-16T05:57:57.006Z] Node Version:  v16.20.0
[debug] [2023-07-16T05:57:57.007Z] Time:          Sun Jul 16 2023 01:57:57 GMT-0400 (hora de Venezuela)
[debug] [2023-07-16T05:57:57.007Z] ----------------------------------------------------------------------
[debug] 
[debug] [2023-07-16T05:57:57.013Z] >>> [apiv2][query] GET https://firebase-public.firebaseio.com/cli.json [none]
[debug] [2023-07-16T05:57:57.048Z] > command requires scopes: ["email","openid","https://www.googleapis.com/auth/cloudplatformprojects.readonly","https://www.googleapis.com/auth/firebase","https://www.googleapis.com/auth/cloud-platform"]
[debug] [2023-07-16T05:57:57.048Z] > authorizing via signed-in user (carloscemg@gmail.com)
[info] 
     ######## #### ########  ######## ########     ###     ######  ########
     ##        ##  ##     ## ##       ##     ##  ##   ##  ##       ##
     ######    ##  ########  ######   ########  #########  ######  ######
     ##        ##  ##    ##  ##       ##     ## ##     ##       ## ##
     ##       #### ##     ## ######## ########  ##     ##  ######  ########

You're about to initialize a Firebase project in this directory:

  D:\Projects\ernesto\caminoacustico\web

[debug] [2023-07-16T05:57:57.399Z] <<< [apiv2][status] GET https://firebase-public.firebaseio.com/cli.json 200
[debug] [2023-07-16T05:57:57.399Z] <<< [apiv2][body] GET https://firebase-public.firebaseio.com/cli.json {"cloudBuildErrorAfter":1594252800000,"cloudBuildWarnAfter":1590019200000,"defaultNode10After":1594252800000,"minVersion":"3.0.5","node8DeploysDisabledAfter":1613390400000,"node8RuntimeDisabledAfter":1615809600000,"node8WarnAfter":1600128000000}
